C:\USERS\ADMINISTRATOR\DOCUMENTS\VISUAL STUDIO 2012\PROJECTS\OPENSSLCONSOLE\MD5UTIL\DEBUG\MD5UTIL.OBJ
C:\USERS\ADMINISTRATOR\DOCUMENTS\VISUAL STUDIO 2012\PROJECTS\OPENSSLCONSOLE\MD5UTIL\DEBUG\VC110.PDB
C:\USERS\ADMINISTRATOR\DOCUMENTS\VISUAL STUDIO 2012\PROJECTS\OPENSSLCONSOLE\DEBUG\MD5UTIL.ILK
C:\USERS\ADMINISTRATOR\DOCUMENTS\VISUAL STUDIO 2012\PROJECTS\OPENSSLCONSOLE\DEBUG\MD5UTIL.DLL
C:\USERS\ADMINISTRATOR\DOCUMENTS\VISUAL STUDIO 2012\PROJECTS\OPENSSLCONSOLE\DEBUG\MD5UTIL.PDB
C:\Users\Administrator\documents\visual studio 2012\Projects\OpenSSLConsole\Md5Util\Debug\Md5Util.obj
C:\Users\Administrator\documents\visual studio 2012\Projects\OpenSSLConsole\Md5Util\Debug\cl.command.1.tlog
C:\Users\Administrator\documents\visual studio 2012\Projects\OpenSSLConsole\Md5Util\Debug\CL.read.1.tlog
C:\Users\Administrator\documents\visual studio 2012\Projects\OpenSSLConsole\Md5Util\Debug\CL.write.1.tlog
C:\Users\Administrator\documents\visual studio 2012\Projects\OpenSSLConsole\Md5Util\Debug\link-cvtres.read.1.tlog
C:\Users\Administrator\documents\visual studio 2012\Projects\OpenSSLConsole\Md5Util\Debug\link-cvtres.write.1.tlog
C:\Users\Administrator\documents\visual studio 2012\Projects\OpenSSLConsole\Md5Util\Debug\link-rc.read.1.tlog
C:\Users\Administrator\documents\visual studio 2012\Projects\OpenSSLConsole\Md5Util\Debug\link-rc.write.1.tlog
C:\Users\Administrator\documents\visual studio 2012\Projects\OpenSSLConsole\Md5Util\Debug\link.command.1.tlog
C:\Users\Administrator\documents\visual studio 2012\Projects\OpenSSLConsole\Md5Util\Debug\link.read.1.tlog
C:\Users\Administrator\documents\visual studio 2012\Projects\OpenSSLConsole\Md5Util\Debug\link.write.1.tlog
C:\Users\Administrator\documents\visual studio 2012\Projects\OpenSSLConsole\Md5Util\Debug\vc110.idb
C:\Users\Administrator\documents\visual studio 2012\Projects\OpenSSLConsole\Md5Util\Debug\vc110.pdb
C:\Users\Administrator\documents\visual studio 2012\Projects\OpenSSLConsole\Debug\Md5Util.pdb
C:\Users\Administrator\documents\visual studio 2012\Projects\OpenSSLConsole\Debug\Md5Util.dll
C:\Users\Administrator\documents\visual studio 2012\Projects\OpenSSLConsole\Debug\Md5Util.ilk
