C:\USERS\ADMINISTRATOR\DOCUMENTS\VISUAL STUDIO 2012\PROJECTS\OPENSSLCONSOLE\OPENSSLCONSOLE\DEBUG\SOURCE.OBJ
C:\USERS\ADMINISTRATOR\DOCUMENTS\VISUAL STUDIO 2012\PROJECTS\OPENSSLCONSOLE\OPENSSLCONSOLE\DEBUG\TEST.OBJ
C:\USERS\ADMINISTRATOR\DOCUMENTS\VISUAL STUDIO 2012\PROJECTS\OPENSSLCONSOLE\OPENSSLCONSOLE\DEBUG\VC110.PDB
C:\USERS\ADMINISTRATOR\DOCUMENTS\VISUAL STUDIO 2012\PROJECTS\OPENSSLCONSOLE\DEBUG\OPENSSLCONSOLE.ILK
C:\USERS\ADMINISTRATOR\DOCUMENTS\VISUAL STUDIO 2012\PROJECTS\OPENSSLCONSOLE\DEBUG\OPENSSLCONSOLE.EXE
C:\USERS\ADMINISTRATOR\DOCUMENTS\VISUAL STUDIO 2012\PROJECTS\OPENSSLCONSOLE\DEBUG\OPENSSLCONSOLE.PDB
C:\Users\Administrator\documents\visual studio 2012\Projects\OpenSSLConsole\OpenSSLConsole\Debug\Source.obj
C:\Users\Administrator\documents\visual studio 2012\Projects\OpenSSLConsole\OpenSSLConsole\Debug\Test.obj
C:\Users\Administrator\documents\visual studio 2012\Projects\OpenSSLConsole\OpenSSLConsole\Debug\cl.command.1.tlog
C:\Users\Administrator\documents\visual studio 2012\Projects\OpenSSLConsole\OpenSSLConsole\Debug\CL.read.1.tlog
C:\Users\Administrator\documents\visual studio 2012\Projects\OpenSSLConsole\OpenSSLConsole\Debug\CL.write.1.tlog
C:\Users\Administrator\documents\visual studio 2012\Projects\OpenSSLConsole\OpenSSLConsole\Debug\link-cvtres.read.1.tlog
C:\Users\Administrator\documents\visual studio 2012\Projects\OpenSSLConsole\OpenSSLConsole\Debug\link-cvtres.write.1.tlog
C:\Users\Administrator\documents\visual studio 2012\Projects\OpenSSLConsole\OpenSSLConsole\Debug\link-rc.read.1.tlog
C:\Users\Administrator\documents\visual studio 2012\Projects\OpenSSLConsole\OpenSSLConsole\Debug\link-rc.write.1.tlog
C:\Users\Administrator\documents\visual studio 2012\Projects\OpenSSLConsole\OpenSSLConsole\Debug\link.command.1.tlog
C:\Users\Administrator\documents\visual studio 2012\Projects\OpenSSLConsole\OpenSSLConsole\Debug\link.read.1.tlog
C:\Users\Administrator\documents\visual studio 2012\Projects\OpenSSLConsole\OpenSSLConsole\Debug\link.write.1.tlog
C:\Users\Administrator\documents\visual studio 2012\Projects\OpenSSLConsole\OpenSSLConsole\Debug\vc110.idb
C:\Users\Administrator\documents\visual studio 2012\Projects\OpenSSLConsole\OpenSSLConsole\Debug\vc110.pdb
C:\Users\Administrator\documents\visual studio 2012\Projects\OpenSSLConsole\Debug\OpenSSLConsole.pdb
C:\Users\Administrator\documents\visual studio 2012\Projects\OpenSSLConsole\Debug\OpenSSLConsole.exe
C:\Users\Administrator\documents\visual studio 2012\Projects\OpenSSLConsole\Debug\OpenSSLConsole.ilk
